<?xml version="1.0" encoding="UTF-8"?>
<Site BuildName="(empty)"
	BuildStamp="20250402-0106-Experimental"
	Name="andrew-HP-ProBook-450-15-6-inch-G10-Notebook-PC"
	Generator="ctest-3.22.1"
	CompilerName="/usr/bin/c++"
	CompilerVersion="11.4.0"
	OSName="Linux"
	Hostname="andrew-HP-ProBook-450-15-6-inch-G10-Notebook-PC"
	OSRelease="6.8.0-52-generic"
	OSVersion="#53~22.04.1-Ubuntu SMP PREEMPT_DYNAMIC Wed Jan 15 19:18:46 UTC 2"
	OSPlatform="x86_64"
	Is64Bits="1"
	VendorString="GenuineIntel"
	VendorID="Intel Corporation"
	FamilyID="6"
	ModelID="186"
	ProcessorCacheSize="12288"
	NumberOfLogicalCPU="12"
	NumberOfPhysicalCPU="10"
	TotalVirtualMemory="2047"
	TotalPhysicalMemory="15627"
	LogicalProcessorsPerPhysical="1"
	ProcessorClockFrequency="1300"
	>
	<Testing>
		<StartDateTime>Apr 02 14:24 AEDT</StartDateTime>
		<StartTestTime>1743564287</StartTestTime>
		<TestList/>
		<EndDateTime>Apr 02 14:24 AEDT</EndDateTime>
		<EndTestTime>1743564287</EndTestTime>
		<ElapsedMinutes>0</ElapsedMinutes>
	</Testing>
</Site>
