<?xml version="1.0" encoding="UTF-8"?>
<Site BuildName="(empty)"
	BuildStamp="20250402-0152-Experimental"
	Name="hallie-MacBookAir"
	Generator="ctest-3.22.1"
	CompilerName="/usr/bin/c++"
	CompilerVersion="11.4.0"
	OSName="Linux"
	Hostname="hallie-MacBookAir"
	OSRelease="6.8.0-52-generic"
	OSVersion="#53~22.04.1-Ubuntu SMP PREEMPT_DYNAMIC Wed Jan 15 19:18:46 UTC 2"
	OSPlatform="x86_64"
	Is64Bits="1"
	VendorString="GenuineIntel"
	VendorID="Intel Corporation"
	FamilyID="6"
	ModelID="61"
	ProcessorCacheSize="3072"
	NumberOfLogicalCPU="4"
	NumberOfPhysicalCPU="2"
	TotalVirtualMemory="2047"
	TotalPhysicalMemory="7844"
	LogicalProcessorsPerPhysical="2"
	ProcessorClockFrequency="2699.87"
	>
	<Testing>
		<StartDateTime>Apr 02 12:52 AEDT</StartDateTime>
		<StartTestTime>1743558720</StartTestTime>
		<TestList/>
		<EndDateTime>Apr 02 12:52 AEDT</EndDateTime>
		<EndTestTime>1743558720</EndTestTime>
		<ElapsedMinutes>0</ElapsedMinutes>
	</Testing>
</Site>
