<?xml version="1.0" encoding="UTF-8"?>
<Site BuildName="(empty)"
	BuildStamp="20250513-0545-Experimental"
	Name="andrew-HP-ProBook-450-15-6-inch-G10-Notebook-PC"
	Generator="ctest-3.22.1"
	CompilerName="/usr/bin/c++"
	CompilerVersion="11.4.0"
	OSName="Linux"
	Hostname="andrew-HP-ProBook-450-15-6-inch-G10-Notebook-PC"
	OSRelease="6.8.0-57-generic"
	OSVersion="#59~22.04.1-Ubuntu SMP PREEMPT_DYNAMIC Wed Mar 19 17:07:41 UTC 2"
	OSPlatform="x86_64"
	Is64Bits="1"
	VendorString="GenuineIntel"
	VendorID="Intel Corporation"
	FamilyID="6"
	ModelID="186"
	ProcessorCacheSize="12288"
	NumberOfLogicalCPU="12"
	NumberOfPhysicalCPU="10"
	TotalVirtualMemory="2047"
	TotalPhysicalMemory="15627"
	LogicalProcessorsPerPhysical="1"
	ProcessorClockFrequency="900"
	>
	<Testing>
		<StartDateTime>May 13 17:03 AEST</StartDateTime>
		<StartTestTime>1747119787</StartTestTime>
		<TestList/>
		<EndDateTime>May 13 17:03 AEST</EndDateTime>
		<EndTestTime>1747119787</EndTestTime>
		<ElapsedMinutes>0</ElapsedMinutes>
	</Testing>
</Site>
