<?xml version="1.0" encoding="UTF-8"?>
<Site BuildName="(empty)"
	BuildStamp="20250319-0321-Experimental"
	Name="hallie-MacBookAir"
	Generator="ctest-3.22.1"
	CompilerName="/usr/bin/c++"
	CompilerVersion="11.4.0"
	OSName="Linux"
	Hostname="hallie-MacBookAir"
	OSRelease="6.8.0-40-generic"
	OSVersion="#40~22.04.3-Ubuntu SMP PREEMPT_DYNAMIC Tue Jul 30 17:30:19 UTC 2"
	OSPlatform="x86_64"
	Is64Bits="1"
	VendorString="GenuineIntel"
	VendorID="Intel Corporation"
	FamilyID="6"
	ModelID="61"
	ProcessorCacheSize="3072"
	NumberOfLogicalCPU="4"
	NumberOfPhysicalCPU="2"
	TotalVirtualMemory="2047"
	TotalPhysicalMemory="7844"
	LogicalProcessorsPerPhysical="2"
	ProcessorClockFrequency="2699.93"
	>
	<Testing>
		<StartDateTime>Mar 19 14:26 AEDT</StartDateTime>
		<StartTestTime>1742354784</StartTestTime>
		<TestList/>
		<EndDateTime>Mar 19 14:26 AEDT</EndDateTime>
		<EndTestTime>1742354784</EndTestTime>
		<ElapsedMinutes>0</ElapsedMinutes>
	</Testing>
</Site>
