<?xml version="1.0" encoding="UTF-8"?>
<Site BuildName="(empty)"
	BuildStamp="20250409-0003-Experimental"
	Name="andrew-HP-ProBook-450-15-6-inch-G10-Notebook-PC"
	Generator="ctest-3.22.1"
	CompilerName="/usr/bin/c++"
	CompilerVersion="11.4.0"
	OSName="Linux"
	Hostname="andrew-HP-ProBook-450-15-6-inch-G10-Notebook-PC"
	OSRelease="6.8.0-52-generic"
	OSVersion="#53~22.04.1-Ubuntu SMP PREEMPT_DYNAMIC Wed Jan 15 19:18:46 UTC 2"
	OSPlatform="x86_64"
	Is64Bits="1"
	VendorString="GenuineIntel"
	VendorID="Intel Corporation"
	FamilyID="6"
	ModelID="186"
	ProcessorCacheSize="12288"
	NumberOfLogicalCPU="12"
	NumberOfPhysicalCPU="10"
	TotalVirtualMemory="2047"
	TotalPhysicalMemory="15627"
	LogicalProcessorsPerPhysical="1"
	ProcessorClockFrequency="1755.12"
	>
	<Testing>
		<StartDateTime>Apr 09 10:11 AEST</StartDateTime>
		<StartTestTime>1744157507</StartTestTime>
		<TestList/>
		<EndDateTime>Apr 09 10:11 AEST</EndDateTime>
		<EndTestTime>1744157507</EndTestTime>
		<ElapsedMinutes>0</ElapsedMinutes>
	</Testing>
</Site>
