<?xml version="1.0" encoding="UTF-8"?>
<Site BuildName="(empty)"
	BuildStamp="20250409-0202-Experimental"
	Name="hallie-MacBookAir"
	Generator="ctest-3.22.1"
	CompilerName="/usr/bin/c++"
	CompilerVersion="11.4.0"
	OSName="Linux"
	Hostname="hallie-MacBookAir"
	OSRelease="6.8.0-57-generic"
	OSVersion="#59~22.04.1-Ubuntu SMP PREEMPT_DYNAMIC Wed Mar 19 17:07:41 UTC 2"
	OSPlatform="x86_64"
	Is64Bits="1"
	VendorString="GenuineIntel"
	VendorID="Intel Corporation"
	FamilyID="6"
	ModelID="61"
	ProcessorCacheSize="3072"
	NumberOfLogicalCPU="4"
	NumberOfPhysicalCPU="2"
	TotalVirtualMemory="2047"
	TotalPhysicalMemory="7844"
	LogicalProcessorsPerPhysical="2"
	ProcessorClockFrequency="2699.9"
	>
	<Testing>
		<StartDateTime>Apr 09 12:02 AEST</StartDateTime>
		<StartTestTime>1744164173</StartTestTime>
		<TestList/>
		<EndDateTime>Apr 09 12:02 AEST</EndDateTime>
		<EndTestTime>1744164173</EndTestTime>
		<ElapsedMinutes>0</ElapsedMinutes>
	</Testing>
</Site>
