<?xml version="1.0" encoding="UTF-8"?>
<Site BuildName="(empty)"
	BuildStamp="20250312-0529-Experimental"
	Name="thomas-ThinkPad-X1-Yoga-3rd"
	Generator="ctest-3.22.1"
	CompilerName="/usr/bin/c++"
	CompilerVersion="11.4.0"
	OSName="Linux"
	Hostname="thomas-ThinkPad-X1-Yoga-3rd"
	OSRelease="6.8.0-52-generic"
	OSVersion="#53~22.04.1-Ubuntu SMP PREEMPT_DYNAMIC Wed Jan 15 19:18:46 UTC 2"
	OSPlatform="x86_64"
	Is64Bits="1"
	VendorString="GenuineIntel"
	VendorID="Intel Corporation"
	FamilyID="6"
	ModelID="142"
	ProcessorCacheSize="8192"
	NumberOfLogicalCPU="8"
	NumberOfPhysicalCPU="4"
	TotalVirtualMemory="2047"
	TotalPhysicalMemory="15751"
	LogicalProcessorsPerPhysical="2"
	ProcessorClockFrequency="2414.79"
	>
	<Testing>
		<StartDateTime>Mar 12 16:45 AEDT</StartDateTime>
		<StartTestTime>1741758308</StartTestTime>
		<TestList/>
		<EndDateTime>Mar 12 16:45 AEDT</EndDateTime>
		<EndTestTime>1741758308</EndTestTime>
		<ElapsedMinutes>0</ElapsedMinutes>
	</Testing>
</Site>
